2015-07-13 06:57:34,671 - Velocimacro :  VM library template macro registration complete.
2015-07-13 06:57:34,671 - Velocimacro : allowInline = true : VMs can be defined inline in templates
2015-07-13 06:57:34,671 - Velocimacro : allowInlineToOverride = false : VMs defined inline may NOT replace previous VM definitions
2015-07-13 06:57:34,671 - Velocimacro : allowInlineLocal = false : VMs defined inline will be  global in scope if allowed.
2015-07-13 06:57:34,671 - Velocimacro : messages on  : VM system will output logging messages
2015-07-13 06:57:34,671 - Velocimacro : autoload off  : VM system will not automatically reload global library macros
2015-07-13 06:57:34,671 - Velocimacro : initialization complete.
2015-07-13 06:57:34,671 - Velocity successfully started.
2015-07-13 07:09:16,661 - SimpleLog4JLogSystem initialized using logfile 'velocity.log'
2015-07-13 07:09:16,661 - ************************************************************** 
2015-07-13 07:09:16,661 - Starting Jakarta Velocity v1.4
2015-07-13 07:09:16,661 - RuntimeInstance initializing.
2015-07-13 07:09:16,661 - Default Properties File: org/apache/velocity/runtime/defaults/velocity.properties
2015-07-13 07:09:16,661 - Trying to use logger class org.apache.velocity.runtime.log.SimpleLog4JLogSystem
2015-07-13 07:09:16,661 - Using logger class org.apache.velocity.runtime.log.SimpleLog4JLogSystem
2015-07-13 07:09:16,664 - Default ResourceManager initializing. (class org.apache.velocity.runtime.resource.ResourceManagerImpl)
2015-07-13 07:09:16,666 - Resource Loader Instantiated: org.apache.velocity.runtime.resource.loader.ClasspathResourceLoader
2015-07-13 07:09:16,666 - ClasspathResourceLoader : initialization starting.
2015-07-13 07:09:16,666 - ClasspathResourceLoader : initialization complete.
2015-07-13 07:09:16,668 - ResourceCache : initialized. (class org.apache.velocity.runtime.resource.ResourceCacheImpl)
2015-07-13 07:09:16,668 - Default ResourceManager initialization complete.
2015-07-13 07:09:16,669 - Loaded System Directive: org.apache.velocity.runtime.directive.Literal
2015-07-13 07:09:16,670 - Loaded System Directive: org.apache.velocity.runtime.directive.Macro
2015-07-13 07:09:16,672 - Loaded System Directive: org.apache.velocity.runtime.directive.Parse
2015-07-13 07:09:16,673 - Loaded System Directive: org.apache.velocity.runtime.directive.Include
2015-07-13 07:09:16,674 - Loaded System Directive: org.apache.velocity.runtime.directive.Foreach
2015-07-13 07:09:16,700 - Created: 20 parsers.
2015-07-13 07:09:16,706 - Velocimacro : initialization starting.
2015-07-13 07:09:16,706 - Velocimacro : adding VMs from VM library template : VM_global_library.vm
2015-07-13 07:09:16,709 - ResourceManager : unable to find resource 'VM_global_library.vm' in any resource loader.
2015-07-13 07:09:16,709 - Velocimacro : error using  VM library template VM_global_library.vm : org.apache.velocity.exception.ResourceNotFoundException: Unable to find resource 'VM_global_library.vm'
2015-07-13 07:09:16,709 - Velocimacro :  VM library template macro registration complete.
2015-07-13 07:09:16,709 - Velocimacro : allowInline = true : VMs can be defined inline in templates
2015-07-13 07:09:16,709 - Velocimacro : allowInlineToOverride = false : VMs defined inline may NOT replace previous VM definitions
2015-07-13 07:09:16,709 - Velocimacro : allowInlineLocal = false : VMs defined inline will be  global in scope if allowed.
2015-07-13 07:09:16,709 - Velocimacro : messages on  : VM system will output logging messages
2015-07-13 07:09:16,709 - Velocimacro : autoload off  : VM system will not automatically reload global library macros
2015-07-13 07:09:16,709 - Velocimacro : initialization complete.
2015-07-13 07:09:16,709 - Velocity successfully started.
